<?xml version="1.0" encoding="UTF-8" ?>
<testsuites disabled="31" errors="0" failures="11" tests="42" time="185.524">
 <testsuite name="chrome.MSP Retro PA - Personal Info Page:" timestamp="2019-07-30T14:41:44" hostname="localhost" time="148.185" errors="0" tests="8" skipped="0" disabled="0" failures="10">
  <testcase classname="chrome.MSP Retro PA - Personal Info Page:" name="01. should fill out the required fields and click continue" time="10.974" />
  <testcase classname="chrome.MSP Retro PA - Personal Info Page:" name="02. should be able to upload multiple files (if multiple years were selected) and click continue" time="17.444">
   <failure type="toContain" message="Expected &apos;http://localhost:4300/msp/assistance/personal-info&apos; to contain &apos;msp/assistance/spouse&apos;, &apos;should navigate to the next page&apos;."><![CDATA[Error: Failed expectation
    at UserContext.<anonymous> (/space/workspace/MyGovBC-MSP/e2e/retro-pa/src/mspretro-personal-info.e2e-spec.ts:42:41)
    at /space/workspace/MyGovBC-MSP/node_modules/jasminewd2/index.js:112:25
    at new ManagedPromise (/space/workspace/MyGovBC-MSP/node_modules/selenium-webdriver/lib/promise.js:1077:7)
    at ControlFlow.promise (/space/workspace/MyGovBC-MSP/node_modules/selenium-webdriver/lib/promise.js:2505:12)
    at schedulerExecute (/space/workspace/MyGovBC-MSP/node_modules/jasminewd2/index.js:95:18)
    at TaskQueue.execute_ (/space/workspace/MyGovBC-MSP/node_modules/selenium-webdriver/lib/promise.js:3084:14)
    at TaskQueue.executeNext_ (/space/workspace/MyGovBC-MSP/node_modules/selenium-webdriver/lib/promise.js:3067:27)
    at asyncRun (/space/workspace/MyGovBC-MSP/node_modules/selenium-webdriver/lib/promise.js:2974:25)
    at /space/workspace/MyGovBC-MSP/node_modules/selenium-webdriver/lib/promise.js:668:7]]>
   </failure>
  </testcase>
  <testcase classname="chrome.MSP Retro PA - Personal Info Page:" name="03. should NOT let user continue if there is at least one incomplete field" time="11.727" />
  <testcase classname="chrome.MSP Retro PA - Personal Info Page:" name="04. should NOT allow name fields to have numbers and other characters (RPA #1) - EXPECT TO FAIL" time="11.748">
   <failure type="toBe" message="Expected false to be true, &apos;expect the invalid first name error should be displayed&apos;."><![CDATA[Error: Failed expectation
    at /space/workspace/MyGovBC-MSP/e2e/retro-pa/src/mspretro-personal-info.e2e-spec.ts:62:25
    at ManagedPromise.invokeCallback_ (/space/workspace/MyGovBC-MSP/node_modules/selenium-webdriver/lib/promise.js:1376:14)
    at TaskQueue.execute_ (/space/workspace/MyGovBC-MSP/node_modules/selenium-webdriver/lib/promise.js:3084:14)
    at TaskQueue.executeNext_ (/space/workspace/MyGovBC-MSP/node_modules/selenium-webdriver/lib/promise.js:3067:27)
    at asyncRun (/space/workspace/MyGovBC-MSP/node_modules/selenium-webdriver/lib/promise.js:2927:27)
    at /space/workspace/MyGovBC-MSP/node_modules/selenium-webdriver/lib/promise.js:668:7
    at <anonymous>
    at process._tickCallback (internal/process/next_tick.js:188:7)]]>
   </failure>
   <failure type="toBe" message="Expected false to be true, &apos;expect the invalid middle name error should be displayed&apos;."><![CDATA[Error: Failed expectation
    at /space/workspace/MyGovBC-MSP/e2e/retro-pa/src/mspretro-personal-info.e2e-spec.ts:65:25
    at ManagedPromise.invokeCallback_ (/space/workspace/MyGovBC-MSP/node_modules/selenium-webdriver/lib/promise.js:1376:14)
    at TaskQueue.execute_ (/space/workspace/MyGovBC-MSP/node_modules/selenium-webdriver/lib/promise.js:3084:14)
    at TaskQueue.executeNext_ (/space/workspace/MyGovBC-MSP/node_modules/selenium-webdriver/lib/promise.js:3067:27)
    at asyncRun (/space/workspace/MyGovBC-MSP/node_modules/selenium-webdriver/lib/promise.js:2927:27)
    at /space/workspace/MyGovBC-MSP/node_modules/selenium-webdriver/lib/promise.js:668:7
    at <anonymous>
    at process._tickCallback (internal/process/next_tick.js:188:7)]]>
   </failure>
   <failure type="toBe" message="Expected false to be true, &apos;expect the invalid last name error should be displayed&apos;."><![CDATA[Error: Failed expectation
    at /space/workspace/MyGovBC-MSP/e2e/retro-pa/src/mspretro-personal-info.e2e-spec.ts:68:25
    at ManagedPromise.invokeCallback_ (/space/workspace/MyGovBC-MSP/node_modules/selenium-webdriver/lib/promise.js:1376:14)
    at TaskQueue.execute_ (/space/workspace/MyGovBC-MSP/node_modules/selenium-webdriver/lib/promise.js:3084:14)
    at TaskQueue.executeNext_ (/space/workspace/MyGovBC-MSP/node_modules/selenium-webdriver/lib/promise.js:3067:27)
    at asyncRun (/space/workspace/MyGovBC-MSP/node_modules/selenium-webdriver/lib/promise.js:2927:27)
    at /space/workspace/MyGovBC-MSP/node_modules/selenium-webdriver/lib/promise.js:668:7
    at <anonymous>
    at process._tickCallback (internal/process/next_tick.js:188:7)]]>
   </failure>
   <failure type="toContain" message="Expected &apos;http://localhost:4300/msp/assistance/spouse&apos; to contain &apos;msp/assistance/personal-info&apos;, &apos;should stay on the same page&apos;."><![CDATA[Error: Failed expectation
    at UserContext.<anonymous> (/space/workspace/MyGovBC-MSP/e2e/retro-pa/src/mspretro-personal-info.e2e-spec.ts:70:41)
    at /space/workspace/MyGovBC-MSP/node_modules/jasminewd2/index.js:112:25
    at new ManagedPromise (/space/workspace/MyGovBC-MSP/node_modules/selenium-webdriver/lib/promise.js:1077:7)
    at ControlFlow.promise (/space/workspace/MyGovBC-MSP/node_modules/selenium-webdriver/lib/promise.js:2505:12)
    at schedulerExecute (/space/workspace/MyGovBC-MSP/node_modules/jasminewd2/index.js:95:18)
    at TaskQueue.execute_ (/space/workspace/MyGovBC-MSP/node_modules/selenium-webdriver/lib/promise.js:3084:14)
    at TaskQueue.executeNext_ (/space/workspace/MyGovBC-MSP/node_modules/selenium-webdriver/lib/promise.js:3067:27)
    at asyncRun (/space/workspace/MyGovBC-MSP/node_modules/selenium-webdriver/lib/promise.js:2974:25)
    at /space/workspace/MyGovBC-MSP/node_modules/selenium-webdriver/lib/promise.js:668:7]]>
   </failure>
  </testcase>
  <testcase classname="chrome.MSP Retro PA - Personal Info Page:" name="05. should NOT allow name to have unlimited characters (RPA #2) - EXPECT TO FAIL" time="14.65">
   <failure type="toBe" message="Expected 100 to be 30, &apos;expected value of First Name input should be 30 (max length)&apos;."><![CDATA[Error: Failed expectation
    at /space/workspace/MyGovBC-MSP/e2e/retro-pa/src/mspretro-personal-info.e2e-spec.ts:80:32
    at elementArrayFinder_.then (/space/workspace/MyGovBC-MSP/node_modules/protractor/built/element.js:804:32)
    at ManagedPromise.invokeCallback_ (/space/workspace/MyGovBC-MSP/node_modules/selenium-webdriver/lib/promise.js:1376:14)
    at TaskQueue.execute_ (/space/workspace/MyGovBC-MSP/node_modules/selenium-webdriver/lib/promise.js:3084:14)
    at TaskQueue.executeNext_ (/space/workspace/MyGovBC-MSP/node_modules/selenium-webdriver/lib/promise.js:3067:27)
    at asyncRun (/space/workspace/MyGovBC-MSP/node_modules/selenium-webdriver/lib/promise.js:2927:27)
    at /space/workspace/MyGovBC-MSP/node_modules/selenium-webdriver/lib/promise.js:668:7
    at <anonymous>
    at process._tickCallback (internal/process/next_tick.js:188:7)]]>
   </failure>
   <failure type="toBe" message="Expected 100 to be 30, &apos;expected value of Middle Name input should be 30 (max length)&apos;."><![CDATA[Error: Failed expectation
    at /space/workspace/MyGovBC-MSP/e2e/retro-pa/src/mspretro-personal-info.e2e-spec.ts:83:32
    at elementArrayFinder_.then (/space/workspace/MyGovBC-MSP/node_modules/protractor/built/element.js:804:32)
    at ManagedPromise.invokeCallback_ (/space/workspace/MyGovBC-MSP/node_modules/selenium-webdriver/lib/promise.js:1376:14)
    at TaskQueue.execute_ (/space/workspace/MyGovBC-MSP/node_modules/selenium-webdriver/lib/promise.js:3084:14)
    at TaskQueue.executeNext_ (/space/workspace/MyGovBC-MSP/node_modules/selenium-webdriver/lib/promise.js:3067:27)
    at asyncRun (/space/workspace/MyGovBC-MSP/node_modules/selenium-webdriver/lib/promise.js:2927:27)
    at /space/workspace/MyGovBC-MSP/node_modules/selenium-webdriver/lib/promise.js:668:7
    at <anonymous>
    at process._tickCallback (internal/process/next_tick.js:188:7)]]>
   </failure>
   <failure type="toBe" message="Expected 100 to be 30, &apos;expected value of Last Name input should be 30 (max length)&apos;."><![CDATA[Error: Failed expectation
    at /space/workspace/MyGovBC-MSP/e2e/retro-pa/src/mspretro-personal-info.e2e-spec.ts:86:32
    at elementArrayFinder_.then (/space/workspace/MyGovBC-MSP/node_modules/protractor/built/element.js:804:32)
    at ManagedPromise.invokeCallback_ (/space/workspace/MyGovBC-MSP/node_modules/selenium-webdriver/lib/promise.js:1376:14)
    at TaskQueue.execute_ (/space/workspace/MyGovBC-MSP/node_modules/selenium-webdriver/lib/promise.js:3084:14)
    at TaskQueue.executeNext_ (/space/workspace/MyGovBC-MSP/node_modules/selenium-webdriver/lib/promise.js:3067:27)
    at asyncRun (/space/workspace/MyGovBC-MSP/node_modules/selenium-webdriver/lib/promise.js:2927:27)
    at /space/workspace/MyGovBC-MSP/node_modules/selenium-webdriver/lib/promise.js:668:7
    at <anonymous>
    at process._tickCallback (internal/process/next_tick.js:188:7)]]>
   </failure>
  </testcase>
  <testcase classname="chrome.MSP Retro PA - Personal Info Page:" name="06. should NOT allow invalid/unrealistic values for dates (RPA #3)" time="16.341" />
  <testcase classname="chrome.MSP Retro PA - Personal Info Page:" name="06. should NOT allow futuristic values for dates (RPA #3)" time="17.409">
   <failure type="toContain" message="Expected &apos;http://localhost:4300/msp/assistance/spouse&apos; to contain &apos;msp/assistance/personal-info&apos;, &apos;should stay on the same page&apos;."><![CDATA[Error: Failed expectation
    at UserContext.<anonymous> (/space/workspace/MyGovBC-MSP/e2e/retro-pa/src/mspretro-personal-info.e2e-spec.ts:123:41)
    at /space/workspace/MyGovBC-MSP/node_modules/jasminewd2/index.js:112:25
    at new ManagedPromise (/space/workspace/MyGovBC-MSP/node_modules/selenium-webdriver/lib/promise.js:1077:7)
    at ControlFlow.promise (/space/workspace/MyGovBC-MSP/node_modules/selenium-webdriver/lib/promise.js:2505:12)
    at schedulerExecute (/space/workspace/MyGovBC-MSP/node_modules/jasminewd2/index.js:95:18)
    at TaskQueue.execute_ (/space/workspace/MyGovBC-MSP/node_modules/selenium-webdriver/lib/promise.js:3084:14)
    at TaskQueue.executeNext_ (/space/workspace/MyGovBC-MSP/node_modules/selenium-webdriver/lib/promise.js:3067:27)
    at asyncRun (/space/workspace/MyGovBC-MSP/node_modules/selenium-webdriver/lib/promise.js:2974:25)
    at /space/workspace/MyGovBC-MSP/node_modules/selenium-webdriver/lib/promise.js:668:7]]>
   </failure>
  </testcase>
  <testcase classname="chrome.MSP Retro PA - Personal Info Page:" name="08. should show Birth Date inline error when user does not fill out the Birth Date field correctly" time="10.585">
   <failure type="toBe" message="Expected false to be true, &apos;expect the birth date inline error will display&apos;."><![CDATA[Error: Failed expectation
    at /space/workspace/MyGovBC-MSP/e2e/retro-pa/src/mspretro-personal-info.e2e-spec.ts:131:25
    at ManagedPromise.invokeCallback_ (/space/workspace/MyGovBC-MSP/node_modules/selenium-webdriver/lib/promise.js:1376:14)
    at TaskQueue.execute_ (/space/workspace/MyGovBC-MSP/node_modules/selenium-webdriver/lib/promise.js:3084:14)
    at TaskQueue.executeNext_ (/space/workspace/MyGovBC-MSP/node_modules/selenium-webdriver/lib/promise.js:3067:27)
    at asyncRun (/space/workspace/MyGovBC-MSP/node_modules/selenium-webdriver/lib/promise.js:2927:27)
    at /space/workspace/MyGovBC-MSP/node_modules/selenium-webdriver/lib/promise.js:668:7
    at <anonymous>
    at process._tickCallback (internal/process/next_tick.js:188:7)]]>
   </failure>
  </testcase>
 </testsuite>
 <testsuite name="chrome.MSP Retro PA - Personal Info Page:.Generic Suite for All Pages" timestamp="2019-07-30T14:41:44" hostname="localhost" time="11.861" errors="0" tests="1" skipped="0" disabled="0" failures="0">
  <testcase classname="chrome.MSP Retro PA - Personal Info Page:.Generic Suite for All Pages" name="GENERIC TEST 01. should load the page without issue" time="11.859" />
 </testsuite>
 <testsuite name="chrome.MSP Retro PA - Personal Info Page:.Generic Suite for Subsequent Page" timestamp="2019-07-30T14:41:56" hostname="localhost" time="25.442" errors="0" tests="2" skipped="0" disabled="0" failures="1">
  <testcase classname="chrome.MSP Retro PA - Personal Info Page:.Generic Suite for Subsequent Page" name="GENERIC TEST 02. should let user to go back to the previous page by clicking the stepper" time="12.999" />
  <testcase classname="chrome.MSP Retro PA - Personal Info Page:.Generic Suite for Subsequent Page" name="GENERIC TEST 03. should NOT let user continue by clicking the stepper" time="12.442">
   <failure type="toContain" message="Expected &apos;http://localhost:4300/msp/assistance/spouse&apos; to contain &apos;msp/assistance/personal-info&apos;, &apos;should still be on the same page&apos;."><![CDATA[Error: Failed expectation
    at UserContext.<anonymous> (/space/workspace/MyGovBC-MSP/e2e/msp-generic-tests.ts:84:45)
    at /space/workspace/MyGovBC-MSP/node_modules/jasminewd2/index.js:112:25
    at new ManagedPromise (/space/workspace/MyGovBC-MSP/node_modules/selenium-webdriver/lib/promise.js:1077:7)
    at ControlFlow.promise (/space/workspace/MyGovBC-MSP/node_modules/selenium-webdriver/lib/promise.js:2505:12)
    at schedulerExecute (/space/workspace/MyGovBC-MSP/node_modules/jasminewd2/index.js:95:18)
    at TaskQueue.execute_ (/space/workspace/MyGovBC-MSP/node_modules/selenium-webdriver/lib/promise.js:3084:14)
    at TaskQueue.executeNext_ (/space/workspace/MyGovBC-MSP/node_modules/selenium-webdriver/lib/promise.js:3067:27)
    at asyncRun (/space/workspace/MyGovBC-MSP/node_modules/selenium-webdriver/lib/promise.js:2974:25)
    at /space/workspace/MyGovBC-MSP/node_modules/selenium-webdriver/lib/promise.js:668:7]]>
   </failure>
  </testcase>
 </testsuite>
 <testsuite name="chrome.MSP Retro PA - Authorize Page:" timestamp="2019-07-30T14:44:12" hostname="localhost" time="0.005" errors="0" tests="2" skipped="0" disabled="2" failures="0">
  <testcase classname="chrome.MSP Retro PA - Authorize Page:" name="01. should let user to continue when they select authorize by applicant" time="0.002">
   <skipped />
  </testcase>
  <testcase classname="chrome.MSP Retro PA - Authorize Page:" name="02. should let user to continue when they select authorize by attorney" time="0">
   <skipped />
  </testcase>
 </testsuite>
 <testsuite name="chrome.MSP Retro PA - Authorize Page:.Generic Suite for All Pages" timestamp="2019-07-30T14:44:12" hostname="localhost" time="0.001" errors="0" tests="1" skipped="0" disabled="1" failures="0">
  <testcase classname="chrome.MSP Retro PA - Authorize Page:.Generic Suite for All Pages" name="GENERIC TEST 01. should load the page without issue" time="0.001">
   <skipped />
  </testcase>
 </testsuite>
 <testsuite name="chrome.MSP Retro PA - Authorize Page:.Generic Suite for Last Page" timestamp="2019-07-30T14:44:12" hostname="localhost" time="0.001" errors="0" tests="2" skipped="0" disabled="2" failures="0">
  <testcase classname="chrome.MSP Retro PA - Authorize Page:.Generic Suite for Last Page" name="GENERIC TEST 02. should let user to go back to the previous page by clicking the stepper" time="0">
   <skipped />
  </testcase>
  <testcase classname="chrome.MSP Retro PA - Authorize Page:.Generic Suite for Last Page" name="GENERIC TEST 03. should NOT let user to continue if they did not filled out required fields" time="0">
   <skipped />
  </testcase>
 </testsuite>
 <testsuite name="chrome.MSP Retro PA - Contact Info Page:" timestamp="2019-07-30T14:44:12" hostname="localhost" time="0.008" errors="0" tests="3" skipped="0" disabled="3" failures="0">
  <testcase classname="chrome.MSP Retro PA - Contact Info Page:" name="01. should be able to continue when all required fields are filled up" time="0">
   <skipped />
  </testcase>
  <testcase classname="chrome.MSP Retro PA - Contact Info Page:" name="02. should capture invalid postal codes thru postal code validation if country is Canada" time="0.001">
   <skipped />
  </testcase>
  <testcase classname="chrome.MSP Retro PA - Contact Info Page:" name="03. should allow non-Canadian format for postal code validation if country is NOT Canada" time="0.002">
   <skipped />
  </testcase>
 </testsuite>
 <testsuite name="chrome.MSP Retro PA - Contact Info Page:.Generic Suite for All Pages" timestamp="2019-07-30T14:44:12" hostname="localhost" time="0.002" errors="0" tests="1" skipped="0" disabled="1" failures="0">
  <testcase classname="chrome.MSP Retro PA - Contact Info Page:.Generic Suite for All Pages" name="GENERIC TEST 01. should load the page without issue" time="0">
   <skipped />
  </testcase>
 </testsuite>
 <testsuite name="chrome.MSP Retro PA - Contact Info Page:.Generic Suite for Subsequent Page" timestamp="2019-07-30T14:44:12" hostname="localhost" time="0" errors="0" tests="2" skipped="0" disabled="2" failures="0">
  <testcase classname="chrome.MSP Retro PA - Contact Info Page:.Generic Suite for Subsequent Page" name="GENERIC TEST 02. should let user to go back to the previous page by clicking the stepper" time="0">
   <skipped />
  </testcase>
  <testcase classname="chrome.MSP Retro PA - Contact Info Page:.Generic Suite for Subsequent Page" name="GENERIC TEST 03. should NOT let user continue by clicking the stepper" time="0">
   <skipped />
  </testcase>
 </testsuite>
 <testsuite name="chrome.MSP Retro PA - End to End Test (Happy Path)" timestamp="2019-07-30T14:44:12" hostname="localhost" time="0" errors="0" tests="2" skipped="0" disabled="2" failures="0">
  <testcase classname="chrome.MSP Retro PA - End to End Test (Happy Path)" name="Should navigate from Home page to Confirmation Page (end-to-end) when all required fields are filled out" time="0">
   <skipped />
  </testcase>
  <testcase classname="chrome.MSP Retro PA - End to End Test (Happy Path)" name="should be able to successfully pass test for maximum length for each field" time="0">
   <skipped />
  </testcase>
 </testsuite>
 <testsuite name="chrome.MSP Retro PA - Home Page:" timestamp="2019-07-30T14:44:12" hostname="localhost" time="0.007" errors="0" tests="3" skipped="0" disabled="3" failures="0">
  <testcase classname="chrome.MSP Retro PA - Home Page:" name="01. should let user to continue once they selected a year" time="0">
   <skipped />
  </testcase>
  <testcase classname="chrome.MSP Retro PA - Home Page:" name="02. should let user to continue when more than one year is selected" time="0">
   <skipped />
  </testcase>
  <testcase classname="chrome.MSP Retro PA - Home Page:" name="03. should let user to check MSP Premium Rates by clicking the link" time="0">
   <skipped />
  </testcase>
 </testsuite>
 <testsuite name="chrome.MSP Retro PA - Home Page:.Generic Suite for All Pages" timestamp="2019-07-30T14:44:12" hostname="localhost" time="0.001" errors="0" tests="1" skipped="0" disabled="1" failures="0">
  <testcase classname="chrome.MSP Retro PA - Home Page:.Generic Suite for All Pages" name="GENERIC TEST 01. should load the page without issue" time="0.001">
   <skipped />
  </testcase>
 </testsuite>
 <testsuite name="chrome.MSP Retro PA - Home Page:.Generic Suite for First Page" timestamp="2019-07-30T14:44:12" hostname="localhost" time="0.002" errors="0" tests="4" skipped="0" disabled="4" failures="0">
  <testcase classname="chrome.MSP Retro PA - Home Page:.Generic Suite for First Page" name="GENERIC TEST 02. should NOT let the user to proceed if the user has not agreeed to the info collection notice" time="0">
   <skipped />
  </testcase>
  <testcase classname="chrome.MSP Retro PA - Home Page:.Generic Suite for First Page" name="GENERIC TEST 03. should let the user to proceed if the user has agreeed to the info collection notice" time="0">
   <skipped />
  </testcase>
  <testcase classname="chrome.MSP Retro PA - Home Page:.Generic Suite for First Page" name="GENERIC TEST 04. should NOT let user continue by clicking the stepper" time="0">
   <skipped />
  </testcase>
  <testcase classname="chrome.MSP Retro PA - Home Page:.Generic Suite for First Page" name="GENERIC TEST 05. should NOT let user to continue if they did not filled out required fields" time="0.001">
   <skipped />
  </testcase>
 </testsuite>
 <testsuite name="chrome.MSP Retro PA - Review Page:" timestamp="2019-07-30T14:44:12" hostname="localhost" time="0.003" errors="0" tests="1" skipped="0" disabled="1" failures="0">
  <testcase classname="chrome.MSP Retro PA - Review Page:" name="01. should let the user to edit information" time="0">
   <skipped message="Temporarily disabled with xit" />
  </testcase>
 </testsuite>
 <testsuite name="chrome.MSP Retro PA - Review Page:.Generic Suite for All Pages" timestamp="2019-07-30T14:44:12" hostname="localhost" time="0.001" errors="0" tests="1" skipped="0" disabled="1" failures="0">
  <testcase classname="chrome.MSP Retro PA - Review Page:.Generic Suite for All Pages" name="GENERIC TEST 01. should load the page without issue" time="0.001">
   <skipped />
  </testcase>
 </testsuite>
 <testsuite name="chrome.MSP Retro PA - Review Page:.Generic Suite for Subsequent Page" timestamp="2019-07-30T14:44:12" hostname="localhost" time="0.002" errors="0" tests="2" skipped="0" disabled="2" failures="0">
  <testcase classname="chrome.MSP Retro PA - Review Page:.Generic Suite for Subsequent Page" name="GENERIC TEST 02. should let user to go back to the previous page by clicking the stepper" time="0">
   <skipped />
  </testcase>
  <testcase classname="chrome.MSP Retro PA - Review Page:.Generic Suite for Subsequent Page" name="GENERIC TEST 03. should NOT let user continue by clicking the stepper" time="0">
   <skipped />
  </testcase>
 </testsuite>
 <testsuite name="chrome.MSP Retro PA - Spouse Info Page:" timestamp="2019-07-30T14:44:12" hostname="localhost" time="0.003" errors="0" tests="3" skipped="0" disabled="3" failures="0">
  <testcase classname="chrome.MSP Retro PA - Spouse Info Page:" name="01. should be able to add spouse, fill out the page and continue" time="0">
   <skipped />
  </testcase>
  <testcase classname="chrome.MSP Retro PA - Spouse Info Page:" name="02. should NOT let user to continue if there is at least one incomplete field" time="0">
   <skipped />
  </testcase>
  <testcase classname="chrome.MSP Retro PA - Spouse Info Page:" name="03. Add Spouse button should still be present but disabled when clicked - EXPECT TO FAIL" time="0.001">
   <skipped />
  </testcase>
 </testsuite>
 <testsuite name="chrome.MSP Retro PA - Spouse Info Page:.Generic Suite for All Pages" timestamp="2019-07-30T14:44:12" hostname="localhost" time="0" errors="0" tests="1" skipped="0" disabled="1" failures="0">
  <testcase classname="chrome.MSP Retro PA - Spouse Info Page:.Generic Suite for All Pages" name="GENERIC TEST 01. should load the page without issue" time="0">
   <skipped />
  </testcase>
 </testsuite>
 <testsuite name="chrome.MSP Retro PA - Spouse Info Page:.Generic Suite for Subsequent Page" timestamp="2019-07-30T14:44:12" hostname="localhost" time="0" errors="0" tests="2" skipped="0" disabled="2" failures="0">
  <testcase classname="chrome.MSP Retro PA - Spouse Info Page:.Generic Suite for Subsequent Page" name="GENERIC TEST 02. should let user to go back to the previous page by clicking the stepper" time="0">
   <skipped />
  </testcase>
  <testcase classname="chrome.MSP Retro PA - Spouse Info Page:.Generic Suite for Subsequent Page" name="GENERIC TEST 03. should NOT let user continue by clicking the stepper" time="0">
   <skipped />
  </testcase>
 </testsuite>
</testsuites>